{
  "RSpec": {
    "coverage": {
      "/home/athira/tiny_url_api_app/TinyUrlApp/app/models/tiny_url.rb": [
        null,
        null,
        1,
        1,
        1,
        1,
        1,
        null,
        null,
        null,
        0,
        null,
        null,
        null,
        1,
        1,
        null,
        null,
        1,
        1,
        1,
        null,
        null,
        null
      ],
      "/home/athira/tiny_url_api_app/TinyUrlApp/spec/factories/tiny_urls.rb": [
        1,
        1,
        1,
        1,
        null,
        null
      ]
    },
    "timestamp": 1482059651
  }
}
